<?xml version="1.0" encoding="UTF-8"?>
<coverage generated="1755678095859" clover="3.2.0">
  <project timestamp="1755678095860" name="All files">
    <metrics statements="34" coveredstatements="32" conditionals="16" coveredconditionals="16" methods="22" coveredmethods="20" elements="72" coveredelements="68" complexity="0" loc="34" ncloc="34" packages="2" files="2" classes="2"/>
    <package name="src">
      <metrics statements="1" coveredstatements="0" conditionals="0" coveredconditionals="0" methods="1" coveredmethods="0"/>
      <file name="App.jsx" path="C:\Users\Cathy Kate\OneDrive\Desktop\alx-fe-reactjs\react-todo\src\App.jsx">
        <metrics statements="1" coveredstatements="0" conditionals="0" coveredconditionals="0" methods="1" coveredmethods="0"/>
        <line num="6" count="0" type="stmt"/>
      </file>
    </package>
    <package name="src.components">
      <metrics statements="33" coveredstatements="32" conditionals="16" coveredconditionals="16" methods="21" coveredmethods="20"/>
      <file name="TodoList.jsx" path="C:\Users\Cathy Kate\OneDrive\Desktop\alx-fe-reactjs\react-todo\src\components\TodoList.jsx">
        <metrics statements="33" coveredstatements="32" conditionals="16" coveredconditionals="16" methods="21" coveredmethods="20"/>
        <line num="3" count="1" type="stmt"/>
        <line num="4" count="21" type="stmt"/>
        <line num="10" count="21" type="stmt"/>
        <line num="11" count="5" type="cond" truecount="2" falsecount="0"/>
        <line num="12" count="3" type="stmt"/>
        <line num="17" count="3" type="stmt"/>
        <line num="21" count="21" type="stmt"/>
        <line num="22" count="3" type="stmt"/>
        <line num="23" count="11" type="cond" truecount="2" falsecount="0"/>
        <line num="27" count="21" type="stmt"/>
        <line num="28" count="13" type="stmt"/>
        <line num="31" count="21" type="stmt"/>
        <line num="47" count="61" type="stmt"/>
        <line num="67" count="61" type="stmt"/>
        <line num="68" count="61" type="stmt"/>
        <line num="76" count="1" type="stmt"/>
        <line num="77" count="112" type="stmt"/>
        <line num="79" count="112" type="stmt"/>
        <line num="80" count="8" type="stmt"/>
        <line num="81" count="8" type="stmt"/>
        <line num="82" count="8" type="stmt"/>
        <line num="85" count="112" type="stmt"/>
        <line num="90" count="82" type="stmt"/>
        <line num="101" count="8" type="stmt"/>
        <line num="102" count="5" type="stmt"/>
        <line num="116" count="6" type="stmt"/>
        <line num="117" count="2" type="stmt"/>
        <line num="126" count="1" type="stmt"/>
        <line num="127" count="67" type="stmt"/>
        <line num="140" count="4" type="stmt"/>
        <line num="162" count="6" type="stmt"/>
        <line num="173" count="6" type="stmt"/>
        <line num="174" count="0" type="stmt"/>
      </file>
    </package>
  </project>
</coverage>
