{"C:\\Users\\Cathy Kate\\OneDrive\\Desktop\\alx-fe-reactjs\\react-todo\\src\\App.jsx": {"path":"C:\\Users\\Cathy Kate\\OneDrive\\Desktop\\alx-fe-reactjs\\react-todo\\src\\App.jsx","statementMap":{"0":{"start":{"line":6,"column":2},"end":{"line":10,"column":3}}},"fnMap":{"0":{"name":"App","decl":{"start":{"line":5,"column":9},"end":{"line":5,"column":12}},"loc":{"start":{"line":5,"column":15},"end":{"line":11,"column":1}},"line":5}},"branchMap":{},"s":{"0":0},"f":{"0":0},"b":{}}
,"C:\\Users\\Cathy Kate\\OneDrive\\Desktop\\alx-fe-reactjs\\react-todo\\src\\components\\TodoList.jsx": {"path":"C:\\Users\\Cathy Kate\\OneDrive\\Desktop\\alx-fe-reactjs\\react-todo\\src\\components\\TodoList.jsx","statementMap":{"0":{"start":{"line":3,"column":17},"end":{"line":73,"column":1}},"1":{"start":{"line":4,"column":28},"end":{"line":8,"column":4}},"2":{"start":{"line":10,"column":18},"end":{"line":19,"column":3}},"3":{"start":{"line":11,"column":4},"end":{"line":18,"column":5}},"4":{"start":{"line":12,"column":22},"end":{"line":16,"column":7}},"5":{"start":{"line":17,"column":6},"end":{"line":17,"column":36}},"6":{"start":{"line":21,"column":21},"end":{"line":25,"column":3}},"7":{"start":{"line":22,"column":4},"end":{"line":24,"column":7}},"8":{"start":{"line":23,"column":6},"end":{"line":23,"column":69}},"9":{"start":{"line":27,"column":21},"end":{"line":29,"column":3}},"10":{"start":{"line":28,"column":4},"end":{"line":28,"column":51}},"11":{"start":{"line":28,"column":34},"end":{"line":28,"column":48}},"12":{"start":{"line":31,"column":2},"end":{"line":72,"column":4}},"13":{"start":{"line":47,"column":14},"end":{"line":52,"column":16}},"14":{"start":{"line":67,"column":64},"end":{"line":67,"column":75}},"15":{"start":{"line":68,"column":40},"end":{"line":68,"column":52}},"16":{"start":{"line":76,"column":20},"end":{"line":123,"column":1}},"17":{"start":{"line":77,"column":38},"end":{"line":77,"column":50}},"18":{"start":{"line":79,"column":23},"end":{"line":83,"column":3}},"19":{"start":{"line":80,"column":4},"end":{"line":80,"column":23}},"20":{"start":{"line":81,"column":4},"end":{"line":81,"column":26}},"21":{"start":{"line":82,"column":4},"end":{"line":82,"column":22}},"22":{"start":{"line":85,"column":2},"end":{"line":122,"column":4}},"23":{"start":{"line":90,"column":25},"end":{"line":90,"column":54}},"24":{"start":{"line":101,"column":24},"end":{"line":101,"column":62}},"25":{"start":{"line":102,"column":23},"end":{"line":102,"column":61}},"26":{"start":{"line":116,"column":29},"end":{"line":116,"column":71}},"27":{"start":{"line":117,"column":29},"end":{"line":117,"column":71}},"28":{"start":{"line":126,"column":17},"end":{"line":181,"column":1}},"29":{"start":{"line":127,"column":2},"end":{"line":180,"column":4}},"30":{"start":{"line":140,"column":23},"end":{"line":140,"column":40}},"31":{"start":{"line":162,"column":23},"end":{"line":162,"column":40}},"32":{"start":{"line":173,"column":29},"end":{"line":173,"column":71}},"33":{"start":{"line":174,"column":29},"end":{"line":174,"column":71}}},"fnMap":{"0":{"name":"(anonymous_0)","decl":{"start":{"line":3,"column":17},"end":{"line":3,"column":18}},"loc":{"start":{"line":3,"column":23},"end":{"line":73,"column":1}},"line":3},"1":{"name":"(anonymous_1)","decl":{"start":{"line":10,"column":18},"end":{"line":10,"column":19}},"loc":{"start":{"line":10,"column":28},"end":{"line":19,"column":3}},"line":10},"2":{"name":"(anonymous_2)","decl":{"start":{"line":21,"column":21},"end":{"line":21,"column":22}},"loc":{"start":{"line":21,"column":29},"end":{"line":25,"column":3}},"line":21},"3":{"name":"(anonymous_3)","decl":{"start":{"line":22,"column":23},"end":{"line":22,"column":24}},"loc":{"start":{"line":23,"column":6},"end":{"line":23,"column":69}},"line":23},"4":{"name":"(anonymous_4)","decl":{"start":{"line":27,"column":21},"end":{"line":27,"column":22}},"loc":{"start":{"line":27,"column":29},"end":{"line":29,"column":3}},"line":27},"5":{"name":"(anonymous_5)","decl":{"start":{"line":28,"column":26},"end":{"line":28,"column":27}},"loc":{"start":{"line":28,"column":34},"end":{"line":28,"column":48}},"line":28},"6":{"name":"(anonymous_6)","decl":{"start":{"line":46,"column":23},"end":{"line":46,"column":24}},"loc":{"start":{"line":47,"column":14},"end":{"line":52,"column":16}},"line":47},"7":{"name":"(anonymous_7)","decl":{"start":{"line":67,"column":59},"end":{"line":67,"column":60}},"loc":{"start":{"line":67,"column":64},"end":{"line":67,"column":75}},"line":67},"8":{"name":"(anonymous_8)","decl":{"start":{"line":68,"column":35},"end":{"line":68,"column":36}},"loc":{"start":{"line":68,"column":40},"end":{"line":68,"column":52}},"line":68},"9":{"name":"(anonymous_9)","decl":{"start":{"line":76,"column":20},"end":{"line":76,"column":21}},"loc":{"start":{"line":76,"column":39},"end":{"line":123,"column":1}},"line":76},"10":{"name":"(anonymous_10)","decl":{"start":{"line":79,"column":23},"end":{"line":79,"column":24}},"loc":{"start":{"line":79,"column":30},"end":{"line":83,"column":3}},"line":79},"11":{"name":"(anonymous_11)","decl":{"start":{"line":90,"column":18},"end":{"line":90,"column":19}},"loc":{"start":{"line":90,"column":25},"end":{"line":90,"column":54}},"line":90},"12":{"name":"(anonymous_12)","decl":{"start":{"line":101,"column":17},"end":{"line":101,"column":18}},"loc":{"start":{"line":101,"column":24},"end":{"line":101,"column":62}},"line":101},"13":{"name":"(anonymous_13)","decl":{"start":{"line":102,"column":16},"end":{"line":102,"column":17}},"loc":{"start":{"line":102,"column":23},"end":{"line":102,"column":61}},"line":102},"14":{"name":"(anonymous_14)","decl":{"start":{"line":116,"column":22},"end":{"line":116,"column":23}},"loc":{"start":{"line":116,"column":29},"end":{"line":116,"column":71}},"line":116},"15":{"name":"(anonymous_15)","decl":{"start":{"line":117,"column":22},"end":{"line":117,"column":23}},"loc":{"start":{"line":117,"column":29},"end":{"line":117,"column":71}},"line":117},"16":{"name":"(anonymous_16)","decl":{"start":{"line":126,"column":17},"end":{"line":126,"column":18}},"loc":{"start":{"line":126,"column":51},"end":{"line":181,"column":1}},"line":126},"17":{"name":"(anonymous_17)","decl":{"start":{"line":140,"column":17},"end":{"line":140,"column":18}},"loc":{"start":{"line":140,"column":23},"end":{"line":140,"column":40}},"line":140},"18":{"name":"(anonymous_18)","decl":{"start":{"line":162,"column":17},"end":{"line":162,"column":18}},"loc":{"start":{"line":162,"column":23},"end":{"line":162,"column":40}},"line":162},"19":{"name":"(anonymous_19)","decl":{"start":{"line":173,"column":22},"end":{"line":173,"column":23}},"loc":{"start":{"line":173,"column":29},"end":{"line":173,"column":71}},"line":173},"20":{"name":"(anonymous_20)","decl":{"start":{"line":174,"column":22},"end":{"line":174,"column":23}},"loc":{"start":{"line":174,"column":29},"end":{"line":174,"column":71}},"line":174}},"branchMap":{"0":{"loc":{"start":{"line":11,"column":4},"end":{"line":18,"column":5}},"type":"if","locations":[{"start":{"line":11,"column":4},"end":{"line":18,"column":5}},{"start":{},"end":{}}],"line":11},"1":{"loc":{"start":{"line":23,"column":6},"end":{"line":23,"column":69}},"type":"cond-expr","locations":[{"start":{"line":23,"column":23},"end":{"line":23,"column":62}},{"start":{"line":23,"column":65},"end":{"line":23,"column":69}}],"line":23},"2":{"loc":{"start":{"line":40,"column":9},"end":{"line":55,"column":9}},"type":"cond-expr","locations":[{"start":{"line":41,"column":10},"end":{"line":43,"column":14}},{"start":{"line":45,"column":10},"end":{"line":54,"column":15}}],"line":40},"3":{"loc":{"start":{"line":133,"column":23},"end":{"line":133,"column":59}},"type":"cond-expr","locations":[{"start":{"line":133,"column":40},"end":{"line":133,"column":49}},{"start":{"line":133,"column":52},"end":{"line":133,"column":59}}],"line":133},"4":{"loc":{"start":{"line":144,"column":26},"end":{"line":144,"column":66}},"type":"cond-expr","locations":[{"start":{"line":144,"column":43},"end":{"line":144,"column":57}},{"start":{"line":144,"column":60},"end":{"line":144,"column":66}}],"line":144},"5":{"loc":{"start":{"line":145,"column":17},"end":{"line":145,"column":52}},"type":"cond-expr","locations":[{"start":{"line":145,"column":34},"end":{"line":145,"column":43}},{"start":{"line":145,"column":46},"end":{"line":145,"column":52}}],"line":145},"6":{"loc":{"start":{"line":156,"column":15},"end":{"line":156,"column":53}},"type":"cond-expr","locations":[{"start":{"line":156,"column":32},"end":{"line":156,"column":41}},{"start":{"line":156,"column":44},"end":{"line":156,"column":53}}],"line":156},"7":{"loc":{"start":{"line":159,"column":9},"end":{"line":159,"column":53}},"type":"cond-expr","locations":[{"start":{"line":159,"column":26},"end":{"line":159,"column":39}},{"start":{"line":159,"column":42},"end":{"line":159,"column":53}}],"line":159}},"s":{"0":1,"1":21,"2":21,"3":5,"4":3,"5":3,"6":21,"7":3,"8":11,"9":21,"10":5,"11":13,"12":21,"13":61,"14":61,"15":61,"16":1,"17":112,"18":112,"19":8,"20":8,"21":8,"22":112,"23":82,"24":8,"25":5,"26":6,"27":2,"28":1,"29":67,"30":4,"31":6,"32":6,"33":0},"f":{"0":21,"1":5,"2":3,"3":11,"4":5,"5":13,"6":61,"7":61,"8":61,"9":112,"10":8,"11":82,"12":8,"13":5,"14":6,"15":2,"16":67,"17":4,"18":6,"19":6,"20":0},"b":{"0":[3,2],"1":[3,8],"2":[1,20],"3":[25,42],"4":[25,42],"5":[25,42],"6":[25,42],"7":[25,42]},"_coverageSchema":"1a1c01bbd47fc00a2c39e90264f33305004495a9","hash":"d9444a68b5970922e6133a464b856d9a937c110b"}
}
