TN:
SF:src\App.jsx
FN:5,App
FNF:1
FNH:0
FNDA:0,App
DA:6,0
LF:1
LH:0
BRF:0
BRH:0
end_of_record
TN:
SF:src\components\TodoList.jsx
FN:3,(anonymous_0)
FN:10,(anonymous_1)
FN:21,(anonymous_2)
FN:22,(anonymous_3)
FN:27,(anonymous_4)
FN:28,(anonymous_5)
FN:46,(anonymous_6)
FN:67,(anonymous_7)
FN:68,(anonymous_8)
FN:76,(anonymous_9)
FN:79,(anonymous_10)
FN:90,(anonymous_11)
FN:101,(anonymous_12)
FN:102,(anonymous_13)
FN:116,(anonymous_14)
FN:117,(anonymous_15)
FN:126,(anonymous_16)
FN:140,(anonymous_17)
FN:162,(anonymous_18)
FN:173,(anonymous_19)
FN:174,(anonymous_20)
FNF:21
FNH:20
FNDA:21,(anonymous_0)
FNDA:5,(anonymous_1)
FNDA:3,(anonymous_2)
FNDA:11,(anonymous_3)
FNDA:5,(anonymous_4)
FNDA:13,(anonymous_5)
FNDA:61,(anonymous_6)
FNDA:61,(anonymous_7)
FNDA:61,(anonymous_8)
FNDA:112,(anonymous_9)
FNDA:8,(anonymous_10)
FNDA:82,(anonymous_11)
FNDA:8,(anonymous_12)
FNDA:5,(anonymous_13)
FNDA:6,(anonymous_14)
FNDA:2,(anonymous_15)
FNDA:67,(anonymous_16)
FNDA:4,(anonymous_17)
FNDA:6,(anonymous_18)
FNDA:6,(anonymous_19)
FNDA:0,(anonymous_20)
DA:3,1
DA:4,21
DA:10,21
DA:11,5
DA:12,3
DA:17,3
DA:21,21
DA:22,3
DA:23,11
DA:27,21
DA:28,13
DA:31,21
DA:47,61
DA:67,61
DA:68,61
DA:76,1
DA:77,112
DA:79,112
DA:80,8
DA:81,8
DA:82,8
DA:85,112
DA:90,82
DA:101,8
DA:102,5
DA:116,6
DA:117,2
DA:126,1
DA:127,67
DA:140,4
DA:162,6
DA:173,6
DA:174,0
LF:33
LH:32
BRDA:11,0,0,3
BRDA:11,0,1,2
BRDA:23,1,0,3
BRDA:23,1,1,8
BRDA:40,2,0,1
BRDA:40,2,1,20
BRDA:133,3,0,25
BRDA:133,3,1,42
BRDA:144,4,0,25
BRDA:144,4,1,42
BRDA:145,5,0,25
BRDA:145,5,1,42
BRDA:156,6,0,25
BRDA:156,6,1,42
BRDA:159,7,0,25
BRDA:159,7,1,42
BRF:16
BRH:16
end_of_record
